C:\GenesisEmulator\GenEm\Debug\GenEm.pdb
C:\GenesisEmulator\GenEm\GenEm\Debug\cl.command.1.tlog
C:\GenesisEmulator\GenEm\GenEm\Debug\CL.read.1.tlog
C:\GenesisEmulator\GenEm\GenEm\Debug\CL.write.1.tlog
C:\GenesisEmulator\GenEm\GenEm\Debug\GenEm.exe.embed.manifest
C:\GENESISEMULATOR\GENEM\GENEM\DEBUG\GENEM.EXE.EMBED.MANIFEST.RES
C:\GenesisEmulator\GenEm\GenEm\Debug\GenEm.exe.intermediate.manifest
C:\GenesisEmulator\GenEm\GenEm\Debug\GenEm_manifest.rc
C:\GenesisEmulator\GenEm\GenEm\Debug\link.command.1.tlog
C:\GenesisEmulator\GenEm\GenEm\Debug\link.read.1.tlog
C:\GenesisEmulator\GenEm\GenEm\Debug\link.write.1.tlog
C:\GenesisEmulator\GenEm\GenEm\Debug\link-cvtres.read.1.tlog
C:\GenesisEmulator\GenEm\GenEm\Debug\link-cvtres.write.1.tlog
C:\GENESISEMULATOR\GENEM\GENEM\DEBUG\MAIN.OBJ
C:\GenesisEmulator\GenEm\GenEm\Debug\rc.command.1.tlog
C:\GenesisEmulator\GenEm\GenEm\Debug\rc.read.1.tlog
C:\GenesisEmulator\GenEm\GenEm\Debug\rc.write.1.tlog
C:\GenesisEmulator\GenEm\GenEm\Debug\ResolveAssemblyReference.cache
C:\GenesisEmulator\GenEm\GenEm\Debug\vc100.idb
C:\GENESISEMULATOR\GENEM\GENEM\DEBUG\VC100.PDB
